Feb 16, 2021 4:44:11 PM org.apache.catalina.startup.VersionLoggerListener log
INFO: Server version:        Apache Tomcat (TomEE)/7.0.81 (1.7.5)
Feb 16, 2021 4:44:11 PM org.apache.catalina.startup.VersionLoggerListener log
INFO: Server built:          Aug 11 2017 10:21:27 UTC
Feb 16, 2021 4:44:11 PM org.apache.catalina.startup.VersionLoggerListener log
INFO: Server number:         7.0.81.0
Feb 16, 2021 4:44:11 PM org.apache.catalina.startup.VersionLoggerListener log
INFO: OS Name:               Windows 10
Feb 16, 2021 4:44:11 PM org.apache.catalina.startup.VersionLoggerListener log
INFO: OS Version:            10.0
Feb 16, 2021 4:44:11 PM org.apache.catalina.startup.VersionLoggerListener log
INFO: Architecture:          amd64
Feb 16, 2021 4:44:11 PM org.apache.catalina.startup.VersionLoggerListener log
INFO: Java Home:             C:\Program Files\Java\jre1.8.0_202
Feb 16, 2021 4:44:11 PM org.apache.catalina.startup.VersionLoggerListener log
INFO: JVM Version:           1.8.0_202-b08
Feb 16, 2021 4:44:11 PM org.apache.catalina.startup.VersionLoggerListener log
INFO: JVM Vendor:            Oracle Corporation
Feb 16, 2021 4:44:11 PM org.apache.catalina.startup.VersionLoggerListener log
INFO: CATALINA_BASE:         C:\Users\Kiran\address-manager\application\target\apache-tomee
Feb 16, 2021 4:44:11 PM org.apache.catalina.startup.VersionLoggerListener log
INFO: CATALINA_HOME:         C:\Users\Kiran\address-manager\application\target\apache-tomee
Feb 16, 2021 4:44:11 PM org.apache.catalina.startup.VersionLoggerListener log
INFO: Command line argument: -XX:+HeapDumpOnOutOfMemoryError
Feb 16, 2021 4:44:11 PM org.apache.catalina.startup.VersionLoggerListener log
INFO: Command line argument: -Dorg.apache.catalina.STRICT_SERVLET_COMPLIANCE=false
Feb 16, 2021 4:44:11 PM org.apache.catalina.startup.VersionLoggerListener log
INFO: Command line argument: -Dopenejb.session.manager=org.apache.tomee.catalina.session.QuickSessionManager
Feb 16, 2021 4:44:11 PM org.apache.catalina.startup.VersionLoggerListener log
INFO: Command line argument: -Dtomee.remote.support=true
Feb 16, 2021 4:44:11 PM org.apache.catalina.startup.VersionLoggerListener log
INFO: Command line argument: -Dopenejb.system.apps=false
Feb 16, 2021 4:44:11 PM org.apache.catalina.startup.VersionLoggerListener log
INFO: Command line argument: -Djava.util.logging.config.file=C:\Users\Kiran\address-manager\application\target\apache-tomee\conf\logging.properties
Feb 16, 2021 4:44:11 PM org.apache.catalina.startup.VersionLoggerListener log
INFO: Command line argument: -javaagent:C:\Users\Kiran\address-manager\application\target\apache-tomee\lib\openejb-javaagent.jar
Feb 16, 2021 4:44:11 PM org.apache.catalina.startup.VersionLoggerListener log
INFO: Command line argument: -Djava.util.logging.manager=org.apache.juli.ClassLoaderLogManager
Feb 16, 2021 4:44:11 PM org.apache.catalina.startup.VersionLoggerListener log
INFO: Command line argument: -Djava.io.tmpdir=C:\Users\Kiran\address-manager\application\target\apache-tomee\temp
Feb 16, 2021 4:44:11 PM org.apache.catalina.startup.VersionLoggerListener log
INFO: Command line argument: -Djava.endorsed.dirs=C:\Users\Kiran\address-manager\application\target\apache-tomee\endorsed
Feb 16, 2021 4:44:11 PM org.apache.catalina.startup.VersionLoggerListener log
INFO: Command line argument: -Dcatalina.base=C:\Users\Kiran\address-manager\application\target\apache-tomee
Feb 16, 2021 4:44:11 PM org.apache.catalina.startup.VersionLoggerListener log
INFO: Command line argument: -Dcatalina.home=C:\Users\Kiran\address-manager\application\target\apache-tomee
Feb 16, 2021 4:44:11 PM org.apache.catalina.startup.VersionLoggerListener log
INFO: Command line argument: -Dcatalina.ext.dirs=C:\Users\Kiran\address-manager\application\target\apache-tomee\lib
Feb 16, 2021 4:44:11 PM org.apache.catalina.startup.VersionLoggerListener log
INFO: Command line argument: -Dorg.apache.tomcat.util.http.ServerCookie.ALLOW_HTTP_SEPARATORS_IN_V0=true
Feb 16, 2021 4:44:11 PM org.apache.catalina.startup.VersionLoggerListener log
INFO: Command line argument: -ea
Feb 16, 2021 4:44:11 PM org.apache.catalina.core.AprLifecycleListener lifecycleEvent
INFO: The APR based Apache Tomcat Native library which allows optimal performance in production environments was not found on the java.library.path: C:\Program Files\Java\jre1.8.0_202\bin;C:\WINDOWS\Sun\Java\bin;C:\WINDOWS\system32;C:\WINDOWS;C:/Program Files/Java/jre1.8.0_202/bin/server;C:/Program Files/Java/jre1.8.0_202/bin;C:/Program Files/Java/jre1.8.0_202/lib/amd64;C:\Program Files (x86)\Common Files\Oracle\Java\javapath;C:\WINDOWS\system32;C:\WINDOWS;C:\WINDOWS\System32\Wbem;C:\WINDOWS\System32\WindowsPowerShell\v1.0\;C:\WINDOWS\System32\OpenSSH\;C:\Program Files\Cloud Foundry;C:\Program Files\Git\cmd;C:\apache-maven-3.6.3\bin;C:\Users\Kiran\Downloads\eclipse;;.
Feb 16, 2021 4:44:11 PM org.apache.coyote.AbstractProtocol init
INFO: Initializing ProtocolHandler ["http-bio-8080"]
Feb 16, 2021 4:44:11 PM org.apache.coyote.AbstractProtocol init
INFO: Initializing ProtocolHandler ["ajp-bio-8009"]
Feb 16, 2021 4:44:12 PM org.apache.openejb.util.OptionsLog info
INFO: Using 'tomee.remote.support=true'
Feb 16, 2021 4:44:12 PM org.apache.openejb.util.OptionsLog info
INFO: Using 'openejb.jdbc.datasource-creator=org.apache.tomee.jdbc.TomEEDataSourceCreator'
Feb 16, 2021 4:44:12 PM org.apache.openejb.OpenEJB$Instance <init>
INFO: ********************************************************************************
Feb 16, 2021 4:44:12 PM org.apache.openejb.OpenEJB$Instance <init>
INFO: OpenEJB http://tomee.apache.org/
Feb 16, 2021 4:44:12 PM org.apache.openejb.OpenEJB$Instance <init>
INFO: Startup: Tue Feb 16 16:44:12 IST 2021
Feb 16, 2021 4:44:12 PM org.apache.openejb.OpenEJB$Instance <init>
INFO: Copyright 1999-2015 (C) Apache OpenEJB/TomEE Project, All Rights Reserved.
Feb 16, 2021 4:44:12 PM org.apache.openejb.OpenEJB$Instance <init>
INFO: Version: 4.7.5
Feb 16, 2021 4:44:12 PM org.apache.openejb.OpenEJB$Instance <init>
INFO: Build date: 20170927
Feb 16, 2021 4:44:12 PM org.apache.openejb.OpenEJB$Instance <init>
INFO: Build time: 12:02
Feb 16, 2021 4:44:12 PM org.apache.openejb.OpenEJB$Instance <init>
INFO: ********************************************************************************
Feb 16, 2021 4:44:12 PM org.apache.openejb.OpenEJB$Instance <init>
INFO: openejb.home = C:\Users\Kiran\address-manager\application\target\apache-tomee
Feb 16, 2021 4:44:12 PM org.apache.openejb.OpenEJB$Instance <init>
INFO: openejb.base = C:\Users\Kiran\address-manager\application\target\apache-tomee
Feb 16, 2021 4:44:12 PM org.apache.openejb.cdi.CdiBuilder initializeOWB
INFO: Created new singletonService org.apache.openejb.cdi.ThreadSingletonServiceImpl@51b279c9
Feb 16, 2021 4:44:12 PM org.apache.openejb.cdi.CdiBuilder initializeOWB
INFO: Succeeded in installing singleton service
Feb 16, 2021 4:44:12 PM org.apache.openejb.config.ConfigurationFactory init
INFO: openejb configuration file is 'C:\Users\Kiran\address-manager\application\target\apache-tomee\conf\tomee.xml'
Feb 16, 2021 4:44:12 PM org.apache.openejb.config.ConfigurationFactory configureService
INFO: Configuring Service(id=Tomcat Security Service, type=SecurityService, provider-id=Tomcat Security Service)
Feb 16, 2021 4:44:12 PM org.apache.openejb.config.ConfigurationFactory configureService
INFO: Configuring Service(id=Default Transaction Manager, type=TransactionManager, provider-id=Default Transaction Manager)
Feb 16, 2021 4:44:12 PM org.apache.openejb.util.OptionsLog info
INFO: Using 'openejb.system.apps=false'
Feb 16, 2021 4:44:12 PM org.apache.openejb.util.OptionsLog info
INFO: Using 'openejb.deployments.classpath=false'
Feb 16, 2021 4:44:12 PM org.apache.openejb.assembler.classic.Assembler createRecipe
INFO: Creating TransactionManager(id=Default Transaction Manager)
Feb 16, 2021 4:44:12 PM org.apache.openejb.assembler.classic.Assembler createRecipe
INFO: Creating SecurityService(id=Tomcat Security Service)
Feb 16, 2021 4:44:12 PM org.apache.openejb.server.ServiceManager initServer
INFO: Creating ServerService(id=cxf-rs)
Feb 16, 2021 4:44:13 PM org.apache.openejb.server.SimpleServiceManager start
INFO:   ** Bound Services **
Feb 16, 2021 4:44:13 PM org.apache.openejb.server.SimpleServiceManager printRow
INFO:   NAME                 IP              PORT  
Feb 16, 2021 4:44:13 PM org.apache.openejb.server.SimpleServiceManager start
INFO: -------
Feb 16, 2021 4:44:13 PM org.apache.openejb.server.SimpleServiceManager start
INFO: Ready!
Feb 16, 2021 4:44:13 PM org.apache.catalina.startup.Catalina load
INFO: Initialization processed in 2687 ms
Feb 16, 2021 4:44:13 PM org.apache.tomee.catalina.OpenEJBNamingContextListener bindResource
INFO: Importing a Tomcat Resource with id 'UserDatabase' of type 'org.apache.catalina.UserDatabase'.
Feb 16, 2021 4:44:13 PM org.apache.openejb.assembler.classic.Assembler createRecipe
INFO: Creating Resource(id=UserDatabase)
Feb 16, 2021 4:44:13 PM org.apache.catalina.core.StandardService startInternal
INFO: Starting service Catalina
Feb 16, 2021 4:44:13 PM org.apache.catalina.core.StandardEngine startInternal
INFO: Starting Servlet Engine: Apache Tomcat (TomEE)/7.0.81 (1.7.5)
Feb 16, 2021 4:44:13 PM org.apache.catalina.startup.HostConfig deployWAR
INFO: Deploying web application archive C:\Users\Kiran\address-manager\application\target\apache-tomee\webapps\ROOT.war
Feb 16, 2021 4:44:13 PM org.apache.tomee.catalina.TomcatWebAppBuilder init
INFO: ------------------------- localhost -> /
Feb 16, 2021 4:44:13 PM org.apache.openejb.util.JarExtractor extract
INFO: Extracting jar: C:\Users\Kiran\address-manager\application\target\apache-tomee\webapps\ROOT.war
Feb 16, 2021 4:44:13 PM org.apache.openejb.util.JarExtractor extract
INFO: Extracted path: C:\Users\Kiran\address-manager\application\target\apache-tomee\webapps\ROOT
Feb 16, 2021 4:44:13 PM org.apache.openejb.util.OptionsLog info
INFO: Using 'openejb.session.manager=org.apache.tomee.catalina.session.QuickSessionManager'
Feb 16, 2021 4:44:16 PM org.apache.openejb.config.ConfigurationFactory configureApplication
INFO: Configuring enterprise application: C:\Users\Kiran\address-manager\application\target\apache-tomee\webapps\ROOT
Feb 16, 2021 4:44:17 PM org.apache.openejb.config.ConfigurationFactory configureService
INFO: Configuring Service(id=Default Managed Container, type=Container, provider-id=Default Managed Container)
Feb 16, 2021 4:44:17 PM org.apache.openejb.config.AutoConfig createContainer
INFO: Auto-creating a container for bean .Comp103343746: Container(type=MANAGED, id=Default Managed Container)
Feb 16, 2021 4:44:17 PM org.apache.openejb.assembler.classic.Assembler createRecipe
INFO: Creating Container(id=Default Managed Container)
Feb 16, 2021 4:44:17 PM org.apache.openejb.core.managed.SimplePassivater init
INFO: Using directory C:\Users\Kiran\address-manager\application\target\apache-tomee\temp for stateful session passivation
Feb 16, 2021 4:44:17 PM org.apache.openejb.config.AppInfoBuilder build
INFO: Enterprise application "C:\Users\Kiran\address-manager\application\target\apache-tomee\webapps\ROOT" loaded.
Feb 16, 2021 4:44:17 PM org.apache.openejb.assembler.classic.Assembler createApplication
INFO: Assembling app: C:\Users\Kiran\address-manager\application\target\apache-tomee\webapps\ROOT
Feb 16, 2021 4:44:17 PM org.apache.openejb.cdi.CdiBuilder initSingleton
INFO: Existing thread singleton service in SystemInstance(): org.apache.openejb.cdi.ThreadSingletonServiceImpl@51b279c9
Feb 16, 2021 4:44:17 PM org.apache.openejb.cdi.OpenEJBLifecycle startApplication
INFO: OpenWebBeans Container is starting...
Feb 16, 2021 4:44:17 PM org.apache.webbeans.plugins.PluginLoader startUp
INFO: Adding OpenWebBeansPlugin : [CdiPlugin]
Feb 16, 2021 4:44:17 PM org.apache.webbeans.plugins.PluginLoader startUp
INFO: Adding OpenWebBeansPlugin : [OpenWebBeansJsfPlugin]
Feb 16, 2021 4:44:24 PM org.apache.webbeans.config.BeansDeployer deploySingleAnnotatedType
INFO: Skipping deployment of Class class com.sap.cloud.sdk.cloudplatform.auditlog.ScpCfAuditLogdue to a NoClassDefFoundError: com/sap/xs/audit/api/exception/AuditLogException
Feb 16, 2021 4:44:28 PM org.apache.webbeans.config.BeansDeployer validateInjectionPoints
INFO: All injection points were validated successfully.
Feb 16, 2021 4:44:28 PM org.apache.openejb.cdi.OpenEJBLifecycle startApplication
INFO: OpenWebBeans Container has started, it took 10438 ms.
Feb 16, 2021 4:44:28 PM org.apache.openejb.assembler.classic.Assembler createApplication
INFO: Deployed Application(path=C:\Users\Kiran\address-manager\application\target\apache-tomee\webapps\ROOT)
Feb 16, 2021 4:44:29 PM org.apache.catalina.startup.HostConfig deployWAR
INFO: Deployment of web application archive C:\Users\Kiran\address-manager\application\target\apache-tomee\webapps\ROOT.war has finished in 16,443 ms
Feb 16, 2021 4:44:29 PM org.apache.coyote.AbstractProtocol start
INFO: Starting ProtocolHandler ["http-bio-8080"]
Feb 16, 2021 4:44:29 PM org.apache.coyote.AbstractProtocol start
INFO: Starting ProtocolHandler ["ajp-bio-8009"]
Feb 16, 2021 4:44:29 PM org.apache.catalina.startup.Catalina start
INFO: Server startup in 16592 ms
